<?xml version="1.0" encoding="UTF-8"?>
<testng-results ignored="0" total="1" passed="1" failed="0" skipped="0">
  <reporter-output>
  </reporter-output>
  <suite started-at="2023-09-14T11:36:47 IST" name="Default suite" finished-at="2023-09-14T11:36:55 IST" duration-ms="8092">
    <groups>
    </groups>
    <test started-at="2023-09-14T11:36:47 IST" name="Default test" finished-at="2023-09-14T11:36:55 IST" duration-ms="8092">
      <class name="com.selenium.day2.DemoWebElementMethods">
        <test-method signature="test()[pri:0, instance:com.selenium.day2.DemoWebElementMethods@2e3967ea]" started-at="2023-09-14T11:36:47 IST" name="test" finished-at="2023-09-14T11:36:55 IST" duration-ms="8020" status="PASS">
          <reporter-output>
          </reporter-output>
        </test-method> <!-- test -->
      </class> <!-- com.selenium.day2.DemoWebElementMethods -->
    </test> <!-- Default test -->
  </suite> <!-- Default suite -->
</testng-results>
