<?xml version="1.0" encoding="UTF-8"?>
<testng-results ignored="0" total="2" passed="2" failed="0" skipped="0">
  <reporter-output>
  </reporter-output>
  <suite started-at="2023-09-12T11:42:39 IST" name="Default suite" finished-at="2023-09-12T11:42:55 IST" duration-ms="16576">
    <groups>
    </groups>
    <test started-at="2023-09-12T11:42:39 IST" name="Default test" finished-at="2023-09-12T11:42:55 IST" duration-ms="16576">
      <class name="com.selenium.day2.TestBrowsers">
        <test-method signature="testChrome()[pri:0, instance:com.selenium.day2.TestBrowsers@70e9c95d]" started-at="2023-09-12T11:42:39 IST" name="testChrome" finished-at="2023-09-12T11:42:47 IST" duration-ms="7992" status="PASS">
          <reporter-output>
          </reporter-output>
        </test-method> <!-- testChrome -->
        <test-method signature="testEdge()[pri:0, instance:com.selenium.day2.TestBrowsers@70e9c95d]" started-at="2023-09-12T11:42:47 IST" name="testEdge" finished-at="2023-09-12T11:42:55 IST" duration-ms="8523" status="PASS">
          <reporter-output>
          </reporter-output>
        </test-method> <!-- testEdge -->
      </class> <!-- com.selenium.day2.TestBrowsers -->
    </test> <!-- Default test -->
  </suite> <!-- Default suite -->
</testng-results>
